<?xml version="1.0" encoding="UTF-8"?>
<!-- Generated by org.testng.reporters.JUnitReportReporter -->
<testsuite hostname="YRL-Premsaip" failures="0" tests="1" name="Base.runner" time="165.135" errors="0" timestamp="2023-03-11T00:14:08 IST" skipped="0">
  <testcase classname="Base.runner" name="login" time="165.135"/>
  <system-out/>
</testsuite> <!-- Base.runner -->
