<?xml version="1.0" encoding="UTF-8"?>
<!-- Generated by org.testng.reporters.JUnitReportReporter -->
<testsuite hostname="YRL-Premsaip" failures="0" tests="2" name="Base.runner" time="27.943" errors="0" timestamp="2023-03-10T18:04:31 IST" skipped="0">
  <testcase classname="Base.runner" name="login" time="9.184"/>
  <system-out/>
  <testcase classname="Base.runner" name="login" time="18.759"/>
  <system-out/>
</testsuite> <!-- Base.runner -->
